[06Jan2025 00:01:25.087] [Server thread/INFO] [net.minecraft.server.network.ServerGamePacketListenerImpl/]: Mansana_12 lost connection: Disconnected
[06Jan2025 00:01:25.091] [Server thread/INFO] [net.minecraft.server.MinecraftServer/]: Mansana_12 left the game
[06Jan2025 00:02:13.733] [Server thread/INFO] [net.minecraft.server.MinecraftServer/]: NAVIDAD has made the advancement [Ol' Betsy]
[06Jan2025 00:08:10.993] [Server thread/INFO] [net.minecraft.server.players.PlayerList/]: Mansana_12[/127.147.255.185:40971] logged in with entity id 90573 at (-79.20476064279829, 25.0, 354.30000001192093)
[06Jan2025 00:08:11.007] [Server thread/INFO] [net.minecraft.server.MinecraftServer/]: Mansana_12 joined the game
[06Jan2025 00:08:11.027] [Server thread/INFO] [Jade/]: Syncing config to Mansana_12 (887507c1-4fac-339a-a66d-6bdc5d5b0927)
[06Jan2025 00:08:56.285] [Server thread/INFO] [net.minecraft.server.network.ServerGamePacketListenerImpl/]: Mansana_12 lost connection: Disconnected
[06Jan2025 00:08:56.286] [Server thread/INFO] [net.minecraft.server.MinecraftServer/]: Mansana_12 left the game
[06Jan2025 00:09:22.941] [Server thread/INFO] [net.minecraft.server.players.PlayerList/]: Mansana_12[/127.147.255.185:43587] logged in with entity id 91022 at (-79.20476064279829, 25.0, 354.30000001192093)
[06Jan2025 00:09:22.948] [Server thread/INFO] [net.minecraft.server.MinecraftServer/]: Mansana_12 joined the game
[06Jan2025 00:09:22.963] [Server thread/INFO] [Jade/]: Syncing config to Mansana_12 (887507c1-4fac-339a-a66d-6bdc5d5b0927)
[06Jan2025 00:11:59.286] [Server thread/INFO] [com.teampotato.redirector.Redirector/]: Redirecting com/tiviacz/travelersbackpack/inventory/sorter/SortType$Type
[06Jan2025 00:16:51.234] [Server thread/INFO] [net.minecraft.server.network.ServerGamePacketListenerImpl/]: BastiMC lost connection: Disconnected
[06Jan2025 00:16:51.234] [Server thread/INFO] [net.minecraft.server.MinecraftServer/]: BastiMC left the game
[06Jan2025 00:23:20.690] [Server thread/INFO] [net.minecraft.server.players.PlayerList/]: BastiMC[/127.147.255.185:56467] logged in with entity id 95219 at (-371.66373183721277, 62.5625, 428.3567598997784)
[06Jan2025 00:23:20.697] [Server thread/INFO] [net.minecraft.server.MinecraftServer/]: BastiMC joined the game
[06Jan2025 00:23:20.747] [Server thread/INFO] [Jade/]: Syncing config to BastiMC (4938fc54-3b3a-35a1-9aac-7049868f6dcb)
[06Jan2025 00:32:59.738] [Server thread/INFO] [net.minecraft.server.network.ServerGamePacketListenerImpl/]: BastiMC lost connection: Disconnected
[06Jan2025 00:32:59.739] [Server thread/INFO] [net.minecraft.server.MinecraftServer/]: BastiMC left the game
[06Jan2025 00:34:18.171] [Server thread/INFO] [net.minecraft.server.MinecraftServer/]: <NAVIDAD> soy un amiguito engorde
[06Jan2025 00:34:45.642] [Server thread/INFO] [net.minecraft.server.MinecraftServer/]: <NAVIDAD> volviendo le voy a yapear a Bas mi quincena por Navidad
[06Jan2025 00:34:52.746] [Server thread/INFO] [net.minecraft.server.MinecraftServer/]: <NAVIDAD> aganme recordar
[06Jan2025 00:35:30.651] [Server thread/INFO] [net.minecraft.server.MinecraftServer/]: <NAVIDAD> hola amigo musculo
